<?xml version="1.0" encoding="UTF-8"?>
<testng-results ignored="0" total="1" passed="1" failed="0" skipped="0">
  <reporter-output>
  </reporter-output>
  <suite started-at="2026-02-19T12:41:59 IST" name="Default suite" finished-at="2026-02-19T12:42:08 IST" duration-ms="8503">
    <groups>
    </groups>
    <test started-at="2026-02-19T12:41:59 IST" name="Default test" finished-at="2026-02-19T12:42:08 IST" duration-ms="8503">
      <class name="demo.DesiredCapabilites">
        <test-method signature="local()[pri:0, instance:demo.DesiredCapabilites@14cd1699]" started-at="2026-02-19T12:41:59 IST" name="local" finished-at="2026-02-19T12:42:08 IST" duration-ms="8467" status="PASS">
          <reporter-output>
          </reporter-output>
        </test-method> <!-- local -->
      </class> <!-- demo.DesiredCapabilites -->
    </test> <!-- Default test -->
  </suite> <!-- Default suite -->
</testng-results>
